<?xml version="1.0" encoding="UTF-8"?>
<testsuite xmlns:xsi="http://www.w3.org/2001/XMLSchema-instance" xsi:noNamespaceSchemaLocation="https://maven.apache.org/surefire/maven-surefire-plugin/xsd/surefire-test-report-3.0.xsd" version="3.0" name="TestSuite" time="75.238" tests="17" errors="0" skipped="0" failures="0">
  <properties>
    <property name="java.specification.version" value="17"/>
    <property name="webdriver.chrome.driver" value="Driver/chromedriver.exe"/>
    <property name="sun.cpu.isalist" value="amd64"/>
    <property name="sun.jnu.encoding" value="Cp1252"/>
    <property name="java.class.path" value="C:\Users\2361781\eclipse-workspace\Hackathon\target\test-classes;C:\Users\2361781\eclipse-workspace\Hackathon\target\classes;C:\Users\2361781\.m2\repository\org\seleniumhq\selenium\selenium-java\4.24.0\selenium-java-4.24.0.jar;C:\Users\2361781\.m2\repository\org\seleniumhq\selenium\selenium-api\4.24.0\selenium-api-4.24.0.jar;C:\Users\2361781\.m2\repository\org\jspecify\jspecify\1.0.0\jspecify-1.0.0.jar;C:\Users\2361781\.m2\repository\org\seleniumhq\selenium\selenium-chrome-driver\4.24.0\selenium-chrome-driver-4.24.0.jar;C:\Users\2361781\.m2\repository\com\google\auto\service\auto-service-annotations\1.1.1\auto-service-annotations-1.1.1.jar;C:\Users\2361781\.m2\repository\org\seleniumhq\selenium\selenium-chromium-driver\4.24.0\selenium-chromium-driver-4.24.0.jar;C:\Users\2361781\.m2\repository\org\seleniumhq\selenium\selenium-json\4.24.0\selenium-json-4.24.0.jar;C:\Users\2361781\.m2\repository\org\seleniumhq\selenium\selenium-manager\4.24.0\selenium-manager-4.24.0.jar;C:\Users\2361781\.m2\repository\org\seleniumhq\selenium\selenium-devtools-v126\4.24.0\selenium-devtools-v126-4.24.0.jar;C:\Users\2361781\.m2\repository\org\seleniumhq\selenium\selenium-devtools-v127\4.24.0\selenium-devtools-v127-4.24.0.jar;C:\Users\2361781\.m2\repository\org\seleniumhq\selenium\selenium-devtools-v128\4.24.0\selenium-devtools-v128-4.24.0.jar;C:\Users\2361781\.m2\repository\org\seleniumhq\selenium\selenium-devtools-v85\4.24.0\selenium-devtools-v85-4.24.0.jar;C:\Users\2361781\.m2\repository\org\seleniumhq\selenium\selenium-edge-driver\4.24.0\selenium-edge-driver-4.24.0.jar;C:\Users\2361781\.m2\repository\org\seleniumhq\selenium\selenium-firefox-driver\4.24.0\selenium-firefox-driver-4.24.0.jar;C:\Users\2361781\.m2\repository\org\seleniumhq\selenium\selenium-http\4.24.0\selenium-http-4.24.0.jar;C:\Users\2361781\.m2\repository\dev\failsafe\failsafe\3.3.2\failsafe-3.3.2.jar;C:\Users\2361781\.m2\repository\org\seleniumhq\selenium\selenium-ie-driver\4.24.0\selenium-ie-driver-4.24.0.jar;C:\Users\2361781\.m2\repository\org\seleniumhq\selenium\selenium-remote-driver\4.24.0\selenium-remote-driver-4.24.0.jar;C:\Users\2361781\.m2\repository\com\google\guava\guava\33.3.0-jre\guava-33.3.0-jre.jar;C:\Users\2361781\.m2\repository\com\google\guava\failureaccess\1.0.2\failureaccess-1.0.2.jar;C:\Users\2361781\.m2\repository\com\google\guava\listenablefuture\9999.0-empty-to-avoid-conflict-with-guava\listenablefuture-9999.0-empty-to-avoid-conflict-with-guava.jar;C:\Users\2361781\.m2\repository\com\google\code\findbugs\jsr305\3.0.2\jsr305-3.0.2.jar;C:\Users\2361781\.m2\repository\org\checkerframework\checker-qual\3.43.0\checker-qual-3.43.0.jar;C:\Users\2361781\.m2\repository\com\google\errorprone\error_prone_annotations\2.28.0\error_prone_annotations-2.28.0.jar;C:\Users\2361781\.m2\repository\com\google\j2objc\j2objc-annotations\3.0.0\j2objc-annotations-3.0.0.jar;C:\Users\2361781\.m2\repository\io\opentelemetry\semconv\opentelemetry-semconv\1.25.0-alpha\opentelemetry-semconv-1.25.0-alpha.jar;C:\Users\2361781\.m2\repository\io\opentelemetry\opentelemetry-api\1.41.0\opentelemetry-api-1.41.0.jar;C:\Users\2361781\.m2\repository\io\opentelemetry\opentelemetry-context\1.41.0\opentelemetry-context-1.41.0.jar;C:\Users\2361781\.m2\repository\io\opentelemetry\opentelemetry-exporter-logging\1.41.0\opentelemetry-exporter-logging-1.41.0.jar;C:\Users\2361781\.m2\repository\io\opentelemetry\opentelemetry-sdk-common\1.41.0\opentelemetry-sdk-common-1.41.0.jar;C:\Users\2361781\.m2\repository\io\opentelemetry\opentelemetry-sdk-extension-autoconfigure-spi\1.41.0\opentelemetry-sdk-extension-autoconfigure-spi-1.41.0.jar;C:\Users\2361781\.m2\repository\io\opentelemetry\opentelemetry-sdk-extension-autoconfigure\1.41.0\opentelemetry-sdk-extension-autoconfigure-1.41.0.jar;C:\Users\2361781\.m2\repository\io\opentelemetry\opentelemetry-api-incubator\1.41.0-alpha\opentelemetry-api-incubator-1.41.0-alpha.jar;C:\Users\2361781\.m2\repository\io\opentelemetry\opentelemetry-sdk-trace\1.41.0\opentelemetry-sdk-trace-1.41.0.jar;C:\Users\2361781\.m2\repository\io\opentelemetry\opentelemetry-sdk\1.41.0\opentelemetry-sdk-1.41.0.jar;C:\Users\2361781\.m2\repository\io\opentelemetry\opentelemetry-sdk-metrics\1.41.0\opentelemetry-sdk-metrics-1.41.0.jar;C:\Users\2361781\.m2\repository\io\opentelemetry\opentelemetry-sdk-logs\1.41.0\opentelemetry-sdk-logs-1.41.0.jar;C:\Users\2361781\.m2\repository\net\bytebuddy\byte-buddy\1.15.0\byte-buddy-1.15.0.jar;C:\Users\2361781\.m2\repository\org\seleniumhq\selenium\selenium-os\4.24.0\selenium-os-4.24.0.jar;C:\Users\2361781\.m2\repository\org\apache\commons\commons-exec\1.4.0\commons-exec-1.4.0.jar;C:\Users\2361781\.m2\repository\org\seleniumhq\selenium\selenium-safari-driver\4.24.0\selenium-safari-driver-4.24.0.jar;C:\Users\2361781\.m2\repository\org\seleniumhq\selenium\selenium-support\4.24.0\selenium-support-4.24.0.jar;C:\Users\2361781\.m2\repository\io\github\bonigarcia\webdrivermanager\5.7.0\webdrivermanager-5.7.0.jar;C:\Users\2361781\.m2\repository\com\google\code\gson\gson\2.10.1\gson-2.10.1.jar;C:\Users\2361781\.m2\repository\com\github\docker-java\docker-java\3.3.5\docker-java-3.3.5.jar;C:\Users\2361781\.m2\repository\com\github\docker-java\docker-java-core\3.3.5\docker-java-core-3.3.5.jar;C:\Users\2361781\.m2\repository\com\github\docker-java\docker-java-api\3.3.5\docker-java-api-3.3.5.jar;C:\Users\2361781\.m2\repository\com\fasterxml\jackson\core\jackson-annotations\2.10.3\jackson-annotations-2.10.3.jar;C:\Users\2361781\.m2\repository\com\fasterxml\jackson\core\jackson-databind\2.10.3\jackson-databind-2.10.3.jar;C:\Users\2361781\.m2\repository\com\fasterxml\jackson\core\jackson-core\2.10.3\jackson-core-2.10.3.jar;C:\Users\2361781\.m2\repository\org\bouncycastle\bcpkix-jdk18on\1.76\bcpkix-jdk18on-1.76.jar;C:\Users\2361781\.m2\repository\org\bouncycastle\bcprov-jdk18on\1.76\bcprov-jdk18on-1.76.jar;C:\Users\2361781\.m2\repository\org\bouncycastle\bcutil-jdk18on\1.76\bcutil-jdk18on-1.76.jar;C:\Users\2361781\.m2\repository\org\slf4j\jcl-over-slf4j\1.7.30\jcl-over-slf4j-1.7.30.jar;C:\Users\2361781\.m2\repository\com\github\docker-java\docker-java-transport-httpclient5\3.3.5\docker-java-transport-httpclient5-3.3.5.jar;C:\Users\2361781\.m2\repository\com\github\docker-java\docker-java-transport\3.3.5\docker-java-transport-3.3.5.jar;C:\Users\2361781\.m2\repository\net\java\dev\jna\jna\5.13.0\jna-5.13.0.jar;C:\Users\2361781\.m2\repository\org\brotli\dec\0.1.2\dec-0.1.2.jar;C:\Users\2361781\.m2\repository\org\apache\commons\commons-lang3\3.14.0\commons-lang3-3.14.0.jar;C:\Users\2361781\.m2\repository\org\apache\commons\commons-compress\1.26.0\commons-compress-1.26.0.jar;C:\Users\2361781\.m2\repository\org\apache\httpcomponents\client5\httpclient5\5.2.1\httpclient5-5.2.1.jar;C:\Users\2361781\.m2\repository\org\apache\httpcomponents\core5\httpcore5\5.2\httpcore5-5.2.jar;C:\Users\2361781\.m2\repository\org\apache\httpcomponents\core5\httpcore5-h2\5.2\httpcore5-h2-5.2.jar;C:\Users\2361781\.m2\repository\org\apache\poi\poi\5.2.3\poi-5.2.3.jar;C:\Users\2361781\.m2\repository\commons-codec\commons-codec\1.15\commons-codec-1.15.jar;C:\Users\2361781\.m2\repository\org\apache\commons\commons-collections4\4.4\commons-collections4-4.4.jar;C:\Users\2361781\.m2\repository\org\apache\commons\commons-math3\3.6.1\commons-math3-3.6.1.jar;C:\Users\2361781\.m2\repository\commons-io\commons-io\2.11.0\commons-io-2.11.0.jar;C:\Users\2361781\.m2\repository\com\zaxxer\SparseBitSet\1.2\SparseBitSet-1.2.jar;C:\Users\2361781\.m2\repository\org\apache\poi\poi-ooxml\5.2.3\poi-ooxml-5.2.3.jar;C:\Users\2361781\.m2\repository\org\apache\poi\poi-ooxml-lite\5.2.3\poi-ooxml-lite-5.2.3.jar;C:\Users\2361781\.m2\repository\org\apache\xmlbeans\xmlbeans\5.1.1\xmlbeans-5.1.1.jar;C:\Users\2361781\.m2\repository\com\github\virtuald\curvesapi\1.07\curvesapi-1.07.jar;C:\Users\2361781\.m2\repository\org\apache\logging\log4j\log4j-core\2.20.0\log4j-core-2.20.0.jar;C:\Users\2361781\.m2\repository\ch\qos\logback\logback-classic\1.5.12\logback-classic-1.5.12.jar;C:\Users\2361781\.m2\repository\ch\qos\logback\logback-core\1.5.12\logback-core-1.5.12.jar;C:\Users\2361781\.m2\repository\org\slf4j\slf4j-api\2.1.0-alpha1\slf4j-api-2.1.0-alpha1.jar;C:\Users\2361781\.m2\repository\org\apache\logging\log4j\log4j-api\2.20.0\log4j-api-2.20.0.jar;C:\Users\2361781\.m2\repository\com\aventstack\extentreports\5.1.2\extentreports-5.1.2.jar;C:\Users\2361781\.m2\repository\io\reactivex\rxjava3\rxjava\3.1.6\rxjava-3.1.6.jar;C:\Users\2361781\.m2\repository\org\reactivestreams\reactive-streams\1.0.4\reactive-streams-1.0.4.jar;C:\Users\2361781\.m2\repository\org\freemarker\freemarker\2.3.32\freemarker-2.3.32.jar;C:\Users\2361781\.m2\repository\org\projectlombok\lombok\1.18.26\lombok-1.18.26.jar;C:\Users\2361781\.m2\repository\org\testng\testng\7.10.2\testng-7.10.2.jar;C:\Users\2361781\.m2\repository\com\beust\jcommander\1.82\jcommander-1.82.jar;C:\Users\2361781\.m2\repository\org\webjars\jquery\3.7.1\jquery-3.7.1.jar;"/>
    <property name="java.vm.vendor" value="Azul Systems, Inc."/>
    <property name="sun.arch.data.model" value="64"/>
    <property name="user.variant" value=""/>
    <property name="java.vendor.url" value="http://www.azul.com/"/>
    <property name="user.timezone" value="Asia/Calcutta"/>
    <property name="os.name" value="Windows 11"/>
    <property name="java.vm.specification.version" value="17"/>
    <property name="sun.java.launcher" value="SUN_STANDARD"/>
    <property name="user.country" value="US"/>
    <property name="sun.boot.library.path" value="C:\Program Files\Zulu\zulu-17\bin"/>
    <property name="sun.java.command" value="C:\Users\2361781\AppData\Local\Temp\surefire3909052343448584730\surefirebooter-20241103105742015_3.jar C:\Users\2361781\AppData\Local\Temp\surefire3909052343448584730 2024-11-03T10-57-41_419-jvmRun1 surefire-20241103105742015_1tmp surefire_0-20241103105742015_2tmp"/>
    <property name="jdk.debug" value="release"/>
    <property name="surefire.test.class.path" value="C:\Users\2361781\eclipse-workspace\Hackathon\target\test-classes;C:\Users\2361781\eclipse-workspace\Hackathon\target\classes;C:\Users\2361781\.m2\repository\org\seleniumhq\selenium\selenium-java\4.24.0\selenium-java-4.24.0.jar;C:\Users\2361781\.m2\repository\org\seleniumhq\selenium\selenium-api\4.24.0\selenium-api-4.24.0.jar;C:\Users\2361781\.m2\repository\org\jspecify\jspecify\1.0.0\jspecify-1.0.0.jar;C:\Users\2361781\.m2\repository\org\seleniumhq\selenium\selenium-chrome-driver\4.24.0\selenium-chrome-driver-4.24.0.jar;C:\Users\2361781\.m2\repository\com\google\auto\service\auto-service-annotations\1.1.1\auto-service-annotations-1.1.1.jar;C:\Users\2361781\.m2\repository\org\seleniumhq\selenium\selenium-chromium-driver\4.24.0\selenium-chromium-driver-4.24.0.jar;C:\Users\2361781\.m2\repository\org\seleniumhq\selenium\selenium-json\4.24.0\selenium-json-4.24.0.jar;C:\Users\2361781\.m2\repository\org\seleniumhq\selenium\selenium-manager\4.24.0\selenium-manager-4.24.0.jar;C:\Users\2361781\.m2\repository\org\seleniumhq\selenium\selenium-devtools-v126\4.24.0\selenium-devtools-v126-4.24.0.jar;C:\Users\2361781\.m2\repository\org\seleniumhq\selenium\selenium-devtools-v127\4.24.0\selenium-devtools-v127-4.24.0.jar;C:\Users\2361781\.m2\repository\org\seleniumhq\selenium\selenium-devtools-v128\4.24.0\selenium-devtools-v128-4.24.0.jar;C:\Users\2361781\.m2\repository\org\seleniumhq\selenium\selenium-devtools-v85\4.24.0\selenium-devtools-v85-4.24.0.jar;C:\Users\2361781\.m2\repository\org\seleniumhq\selenium\selenium-edge-driver\4.24.0\selenium-edge-driver-4.24.0.jar;C:\Users\2361781\.m2\repository\org\seleniumhq\selenium\selenium-firefox-driver\4.24.0\selenium-firefox-driver-4.24.0.jar;C:\Users\2361781\.m2\repository\org\seleniumhq\selenium\selenium-http\4.24.0\selenium-http-4.24.0.jar;C:\Users\2361781\.m2\repository\dev\failsafe\failsafe\3.3.2\failsafe-3.3.2.jar;C:\Users\2361781\.m2\repository\org\seleniumhq\selenium\selenium-ie-driver\4.24.0\selenium-ie-driver-4.24.0.jar;C:\Users\2361781\.m2\repository\org\seleniumhq\selenium\selenium-remote-driver\4.24.0\selenium-remote-driver-4.24.0.jar;C:\Users\2361781\.m2\repository\com\google\guava\guava\33.3.0-jre\guava-33.3.0-jre.jar;C:\Users\2361781\.m2\repository\com\google\guava\failureaccess\1.0.2\failureaccess-1.0.2.jar;C:\Users\2361781\.m2\repository\com\google\guava\listenablefuture\9999.0-empty-to-avoid-conflict-with-guava\listenablefuture-9999.0-empty-to-avoid-conflict-with-guava.jar;C:\Users\2361781\.m2\repository\com\google\code\findbugs\jsr305\3.0.2\jsr305-3.0.2.jar;C:\Users\2361781\.m2\repository\org\checkerframework\checker-qual\3.43.0\checker-qual-3.43.0.jar;C:\Users\2361781\.m2\repository\com\google\errorprone\error_prone_annotations\2.28.0\error_prone_annotations-2.28.0.jar;C:\Users\2361781\.m2\repository\com\google\j2objc\j2objc-annotations\3.0.0\j2objc-annotations-3.0.0.jar;C:\Users\2361781\.m2\repository\io\opentelemetry\semconv\opentelemetry-semconv\1.25.0-alpha\opentelemetry-semconv-1.25.0-alpha.jar;C:\Users\2361781\.m2\repository\io\opentelemetry\opentelemetry-api\1.41.0\opentelemetry-api-1.41.0.jar;C:\Users\2361781\.m2\repository\io\opentelemetry\opentelemetry-context\1.41.0\opentelemetry-context-1.41.0.jar;C:\Users\2361781\.m2\repository\io\opentelemetry\opentelemetry-exporter-logging\1.41.0\opentelemetry-exporter-logging-1.41.0.jar;C:\Users\2361781\.m2\repository\io\opentelemetry\opentelemetry-sdk-common\1.41.0\opentelemetry-sdk-common-1.41.0.jar;C:\Users\2361781\.m2\repository\io\opentelemetry\opentelemetry-sdk-extension-autoconfigure-spi\1.41.0\opentelemetry-sdk-extension-autoconfigure-spi-1.41.0.jar;C:\Users\2361781\.m2\repository\io\opentelemetry\opentelemetry-sdk-extension-autoconfigure\1.41.0\opentelemetry-sdk-extension-autoconfigure-1.41.0.jar;C:\Users\2361781\.m2\repository\io\opentelemetry\opentelemetry-api-incubator\1.41.0-alpha\opentelemetry-api-incubator-1.41.0-alpha.jar;C:\Users\2361781\.m2\repository\io\opentelemetry\opentelemetry-sdk-trace\1.41.0\opentelemetry-sdk-trace-1.41.0.jar;C:\Users\2361781\.m2\repository\io\opentelemetry\opentelemetry-sdk\1.41.0\opentelemetry-sdk-1.41.0.jar;C:\Users\2361781\.m2\repository\io\opentelemetry\opentelemetry-sdk-metrics\1.41.0\opentelemetry-sdk-metrics-1.41.0.jar;C:\Users\2361781\.m2\repository\io\opentelemetry\opentelemetry-sdk-logs\1.41.0\opentelemetry-sdk-logs-1.41.0.jar;C:\Users\2361781\.m2\repository\net\bytebuddy\byte-buddy\1.15.0\byte-buddy-1.15.0.jar;C:\Users\2361781\.m2\repository\org\seleniumhq\selenium\selenium-os\4.24.0\selenium-os-4.24.0.jar;C:\Users\2361781\.m2\repository\org\apache\commons\commons-exec\1.4.0\commons-exec-1.4.0.jar;C:\Users\2361781\.m2\repository\org\seleniumhq\selenium\selenium-safari-driver\4.24.0\selenium-safari-driver-4.24.0.jar;C:\Users\2361781\.m2\repository\org\seleniumhq\selenium\selenium-support\4.24.0\selenium-support-4.24.0.jar;C:\Users\2361781\.m2\repository\io\github\bonigarcia\webdrivermanager\5.7.0\webdrivermanager-5.7.0.jar;C:\Users\2361781\.m2\repository\com\google\code\gson\gson\2.10.1\gson-2.10.1.jar;C:\Users\2361781\.m2\repository\com\github\docker-java\docker-java\3.3.5\docker-java-3.3.5.jar;C:\Users\2361781\.m2\repository\com\github\docker-java\docker-java-core\3.3.5\docker-java-core-3.3.5.jar;C:\Users\2361781\.m2\repository\com\github\docker-java\docker-java-api\3.3.5\docker-java-api-3.3.5.jar;C:\Users\2361781\.m2\repository\com\fasterxml\jackson\core\jackson-annotations\2.10.3\jackson-annotations-2.10.3.jar;C:\Users\2361781\.m2\repository\com\fasterxml\jackson\core\jackson-databind\2.10.3\jackson-databind-2.10.3.jar;C:\Users\2361781\.m2\repository\com\fasterxml\jackson\core\jackson-core\2.10.3\jackson-core-2.10.3.jar;C:\Users\2361781\.m2\repository\org\bouncycastle\bcpkix-jdk18on\1.76\bcpkix-jdk18on-1.76.jar;C:\Users\2361781\.m2\repository\org\bouncycastle\bcprov-jdk18on\1.76\bcprov-jdk18on-1.76.jar;C:\Users\2361781\.m2\repository\org\bouncycastle\bcutil-jdk18on\1.76\bcutil-jdk18on-1.76.jar;C:\Users\2361781\.m2\repository\org\slf4j\jcl-over-slf4j\1.7.30\jcl-over-slf4j-1.7.30.jar;C:\Users\2361781\.m2\repository\com\github\docker-java\docker-java-transport-httpclient5\3.3.5\docker-java-transport-httpclient5-3.3.5.jar;C:\Users\2361781\.m2\repository\com\github\docker-java\docker-java-transport\3.3.5\docker-java-transport-3.3.5.jar;C:\Users\2361781\.m2\repository\net\java\dev\jna\jna\5.13.0\jna-5.13.0.jar;C:\Users\2361781\.m2\repository\org\brotli\dec\0.1.2\dec-0.1.2.jar;C:\Users\2361781\.m2\repository\org\apache\commons\commons-lang3\3.14.0\commons-lang3-3.14.0.jar;C:\Users\2361781\.m2\repository\org\apache\commons\commons-compress\1.26.0\commons-compress-1.26.0.jar;C:\Users\2361781\.m2\repository\org\apache\httpcomponents\client5\httpclient5\5.2.1\httpclient5-5.2.1.jar;C:\Users\2361781\.m2\repository\org\apache\httpcomponents\core5\httpcore5\5.2\httpcore5-5.2.jar;C:\Users\2361781\.m2\repository\org\apache\httpcomponents\core5\httpcore5-h2\5.2\httpcore5-h2-5.2.jar;C:\Users\2361781\.m2\repository\org\apache\poi\poi\5.2.3\poi-5.2.3.jar;C:\Users\2361781\.m2\repository\commons-codec\commons-codec\1.15\commons-codec-1.15.jar;C:\Users\2361781\.m2\repository\org\apache\commons\commons-collections4\4.4\commons-collections4-4.4.jar;C:\Users\2361781\.m2\repository\org\apache\commons\commons-math3\3.6.1\commons-math3-3.6.1.jar;C:\Users\2361781\.m2\repository\commons-io\commons-io\2.11.0\commons-io-2.11.0.jar;C:\Users\2361781\.m2\repository\com\zaxxer\SparseBitSet\1.2\SparseBitSet-1.2.jar;C:\Users\2361781\.m2\repository\org\apache\poi\poi-ooxml\5.2.3\poi-ooxml-5.2.3.jar;C:\Users\2361781\.m2\repository\org\apache\poi\poi-ooxml-lite\5.2.3\poi-ooxml-lite-5.2.3.jar;C:\Users\2361781\.m2\repository\org\apache\xmlbeans\xmlbeans\5.1.1\xmlbeans-5.1.1.jar;C:\Users\2361781\.m2\repository\com\github\virtuald\curvesapi\1.07\curvesapi-1.07.jar;C:\Users\2361781\.m2\repository\org\apache\logging\log4j\log4j-core\2.20.0\log4j-core-2.20.0.jar;C:\Users\2361781\.m2\repository\ch\qos\logback\logback-classic\1.5.12\logback-classic-1.5.12.jar;C:\Users\2361781\.m2\repository\ch\qos\logback\logback-core\1.5.12\logback-core-1.5.12.jar;C:\Users\2361781\.m2\repository\org\slf4j\slf4j-api\2.1.0-alpha1\slf4j-api-2.1.0-alpha1.jar;C:\Users\2361781\.m2\repository\org\apache\logging\log4j\log4j-api\2.20.0\log4j-api-2.20.0.jar;C:\Users\2361781\.m2\repository\com\aventstack\extentreports\5.1.2\extentreports-5.1.2.jar;C:\Users\2361781\.m2\repository\io\reactivex\rxjava3\rxjava\3.1.6\rxjava-3.1.6.jar;C:\Users\2361781\.m2\repository\org\reactivestreams\reactive-streams\1.0.4\reactive-streams-1.0.4.jar;C:\Users\2361781\.m2\repository\org\freemarker\freemarker\2.3.32\freemarker-2.3.32.jar;C:\Users\2361781\.m2\repository\org\projectlombok\lombok\1.18.26\lombok-1.18.26.jar;C:\Users\2361781\.m2\repository\org\testng\testng\7.10.2\testng-7.10.2.jar;C:\Users\2361781\.m2\repository\com\beust\jcommander\1.82\jcommander-1.82.jar;C:\Users\2361781\.m2\repository\org\webjars\jquery\3.7.1\jquery-3.7.1.jar;"/>
    <property name="sun.cpu.endian" value="little"/>
    <property name="user.home" value="C:\Users\2361781"/>
    <property name="user.language" value="en"/>
    <property name="java.specification.vendor" value="Oracle Corporation"/>
    <property name="java.version.date" value="2022-01-18"/>
    <property name="java.home" value="C:\Program Files\Zulu\zulu-17"/>
    <property name="file.separator" value="\"/>
    <property name="basedir" value="C:\Users\2361781\eclipse-workspace\Hackathon"/>
    <property name="java.vm.compressedOopsMode" value="Zero based"/>
    <property name="line.separator" value="&#10;"/>
    <property name="java.vm.specification.vendor" value="Oracle Corporation"/>
    <property name="java.specification.name" value="Java Platform API Specification"/>
    <property name="surefire.real.class.path" value="C:\Users\2361781\AppData\Local\Temp\surefire3909052343448584730\surefirebooter-20241103105742015_3.jar"/>
    <property name="user.script" value=""/>
    <property name="sun.management.compiler" value="HotSpot 64-Bit Tiered Compilers"/>
    <property name="java.runtime.version" value="17.0.2+8-LTS"/>
    <property name="user.name" value="2361781"/>
    <property name="path.separator" value=";"/>
    <property name="os.version" value="10.0"/>
    <property name="java.runtime.name" value="OpenJDK Runtime Environment"/>
    <property name="file.encoding" value="Cp1252"/>
    <property name="java.vm.name" value="OpenJDK 64-Bit Server VM"/>
    <property name="java.vendor.version" value="Zulu17.32+13-CA"/>
    <property name="localRepository" value="C:\Users\2361781\.m2\repository"/>
    <property name="java.vendor.url.bug" value="http://www.azul.com/support/"/>
    <property name="java.io.tmpdir" value="C:\Users\2361781\AppData\Local\Temp\"/>
    <property name="java.version" value="17.0.2"/>
    <property name="user.dir" value="C:\Users\2361781\eclipse-workspace\Hackathon"/>
    <property name="os.arch" value="amd64"/>
    <property name="java.vm.specification.name" value="Java Virtual Machine Specification"/>
    <property name="sun.os.patch.level" value=""/>
    <property name="native.encoding" value="Cp1252"/>
    <property name="java.library.path" value="C:\Program Files\Zulu\zulu-17\bin;C:\Windows\Sun\Java\bin;C:\Windows\system32;C:\Windows;C:/Users/2361781/.p2/pool/plugins/org.eclipse.justj.openjdk.hotspot.jre.full.win32.x86_64_17.0.12.v20240802-1518/jre/bin/server;C:/Users/2361781/.p2/pool/plugins/org.eclipse.justj.openjdk.hotspot.jre.full.win32.x86_64_17.0.12.v20240802-1518/jre/bin;C:\Program Files\Zulu\zulu-17\bin\;C:\Windows\system32;C:\Windows;C:\Windows\System32\Wbem;C:\Windows\System32\WindowsPowerShell\v1.0\;C:\Windows\System32\OpenSSH\;C:\Program Files\Git\cmd;C:\Users\2361781\apache-maven-3.9.9\bin;C:\Users\2361781\AppData\Local\Microsoft\WindowsApps;;C:\Windows\System32;;."/>
    <property name="java.vm.info" value="mixed mode, sharing"/>
    <property name="java.vendor" value="Azul Systems, Inc."/>
    <property name="java.vm.version" value="17.0.2+8-LTS"/>
    <property name="sun.io.unicode.encoding" value="UnicodeLittle"/>
    <property name="java.class.version" value="61.0"/>
  </properties>
  <testcase name="luxuruMenuhover" classname="testcases.Menus" time="0.962">
    <system-out><![CDATA[10:57:44.705 [main] DEBUG org.testng.TestNG -- suiteXmlPath: "C:\Users\2361781\eclipse-workspace\Hackathon\testng.xml"
10:57:44.942 [main] WARN org.testng.xml.TestNGContentHandler -- It is strongly recommended to add "<!DOCTYPE suite SYSTEM "https://testng.org/testng-1.1.dtd" >" at the top of the suite file [C:\Users\2361781\eclipse-workspace\Hackathon\testng.xml] otherwise TestNG may fail or not work as expected.
10:57:48.604 [TestNG-test-Smoke and Regression Test-3] INFO testcases.StudyChairsTest -- Initializing the WebDriver and setting up the page objects
10:57:48.604 [TestNG-test-Smoke and Regression Test-4] INFO testcases.GiftCardsTest -- Initializing WebDriver and setting up the page objects
10:57:48.604 [TestNG-test-Smoke and Regression Test-2] INFO testcases.BookshelvesTest -- Initializing the WebDriver and setting up the page objects
10:57:48.604 [TestNG-test-Smoke and Regression Test-1] INFO testcases.Menus -- Initializing WebDriver and setting up page objects
10:58:18.129 [TestNG-test-Smoke and Regression Test-1] INFO testcases.Menus -- Starting test: MenuTest
]]></system-out>
    <system-err><![CDATA[SLF4J(I): Connected with provider of type [ch.qos.logback.classic.spi.LogbackServiceProvider]
]]></system-err>
  </testcase>
  <testcase name="sofaMenuhover" classname="testcases.Menus" time="2.478"/>
  <testcase name="extractMenuItemsToExcel" classname="testcases.Menus" time="1.248">
    <system-out><![CDATA[10:58:30.403 [TestNG-test-Smoke and Regression Test-2] INFO testcases.BookshelvesTest -- Starting test: applyFilterTest
10:58:31.634 [TestNG-test-Smoke and Regression Test-1] INFO testcases.Menus -- Data written to Excel file: Output_Excel/MenuData.xlsx
Menu data written to Excel: Output_Excel/MenuData.xlsx
10:58:31.635 [TestNG-test-Smoke and Regression Test-1] INFO testcases.Menus -- Excel file Verified Successfully
]]></system-out>
  </testcase>
  <testcase name="searchStudyChairs" classname="testcases.StudyChairsTest" time="4.649">
    <system-out><![CDATA[10:58:21.555 [TestNG-test-Smoke and Regression Test-1] INFO testcases.Menus -- Starting test: extractMenuItemsToExcel
10:58:21.734 [TestNG-test-Smoke and Regression Test-3] INFO testcases.StudyChairsTest -- Starting test: searchStudyChairs
10:58:22.002 [TestNG-test-Smoke and Regression Test-4] INFO testcases.GiftCardsTest -- Starting test: selectGiftCardTest
10:58:22.914 [TestNG-test-Smoke and Regression Test-2] INFO testcases.BookshelvesTest -- Starting test: searchBookshelvesTest
Extracted Menu Items:
10:58:23.832 [TestNG-test-Smoke and Regression Test-1] INFO testcases.Menus -- Retrieved sub menu data successfully
Menu Item 1: All
Menu Item 2: Sofas
Menu Item 3: Recliners
Menu Item 4: Chairs
Menu Item 5: Coffee Tables
Menu Item 6: Side Tables
Menu Item 7: Console Table
Menu Item 8: TV and Media Units
10:58:27.558 [TestNG-test-Smoke and Regression Test-3] INFO testcases.StudyChairsTest -- Search for 'study chairs' performed successfully
]]></system-out>
  </testcase>
  <testcase name="applyFilters" classname="testcases.StudyChairsTest" time="0.703">
    <system-out><![CDATA[10:58:40.181 [TestNG-test-Smoke and Regression Test-2] INFO testcases.BookshelvesTest -- Starting test: extractBookshelfDetailsToExcelTest
]]></system-out>
  </testcase>
  <testcase name="setPriceAndApply" classname="testcases.StudyChairsTest" time="3.039">
    <system-out><![CDATA[10:58:43.326 [TestNG-test-Smoke and Regression Test-2] INFO testcases.BookshelvesTest -- Closing the WebDriver
10:58:43.926 [TestNG-test-Smoke and Regression Test-3] INFO testcases.StudyChairsTest -- Price Filters applied successfully
]]></system-out>
  </testcase>
  <testcase name="sortByCustomerRating" classname="testcases.StudyChairsTest" time="3.839">
    <system-out><![CDATA[10:58:43.929 [TestNG-test-Smoke and Regression Test-3] INFO testcases.StudyChairsTest -- Starting test: sortByCustomerRating
10:58:47.752 [TestNG-test-Smoke and Regression Test-3] INFO testcases.StudyChairsTest -- Sort By Filters applied successfully
]]></system-out>
  </testcase>
  <testcase name="extractStudyChairsDetails" classname="testcases.StudyChairsTest" time="4.198">
    <system-out><![CDATA[10:58:47.757 [TestNG-test-Smoke and Regression Test-3] INFO testcases.StudyChairsTest -- Starting test: extractStudyChairsDetails
10:58:51.799 [TestNG-test-Smoke and Regression Test-3] INFO testcases.StudyChairsTest -- Product names and prices Retrieved successfully
10:58:51.800 [TestNG-test-Smoke and Regression Test-3] INFO testcases.StudyChairsTest -- Added Header to excelData
10:58:51.800 [TestNG-test-Smoke and Regression Test-3] INFO testcases.StudyChairsTest -- Product: Atom Breathable Mesh Ergonomic Chair in Black & Orange Colour with price: ?4,099
Product 1: Name = Atom Breathable Mesh Ergonomic Chair in Black & Orange Colour, Price = ₹4,099
10:58:51.801 [TestNG-test-Smoke and Regression Test-3] INFO testcases.StudyChairsTest -- Product: Amaze Breathable Mesh Guest Chair in Black Colour with price: ?3,900
Product 2: Name = Amaze Breathable Mesh Guest Chair in Black Colour, Price = ₹3,900
10:58:51.801 [TestNG-test-Smoke and Regression Test-3] INFO testcases.StudyChairsTest -- Product: Tauras Lite Breathable MeshMid Back Ergonomic Chair in Red Colour with price: ?5,499
Product 3: Name = Tauras Lite Breathable MeshMid Back Ergonomic Chair in Red Colour, Price = ₹5,499
10:58:51.881 [TestNG-test-Smoke and Regression Test-3] INFO testcases.StudyChairsTest -- Written Data to Excel file: Output_Excel/StudyChairsData.xlsx
10:58:51.882 [TestNG-test-Smoke and Regression Test-3] INFO testcases.StudyChairsTest -- Successfully verified Excel file
Study chairs data written to Excel: Output_Excel/StudyChairsData.xlsx
]]></system-out>
  </testcase>
  <testcase name="selectGiftCardTest" classname="testcases.GiftCardsTest" time="1.818">
    <system-out><![CDATA[10:58:27.562 [TestNG-test-Smoke and Regression Test-3] INFO testcases.StudyChairsTest -- Starting test: applyFiltersTest
10:58:29.376 [TestNG-test-Smoke and Regression Test-4] INFO testcases.GiftCardsTest -- Selected gift card successfully
]]></system-out>
  </testcase>
  <testcase name="fillGiftDetailsTest" classname="testcases.GiftCardsTest" time="0.152">
    <system-out><![CDATA[10:58:35.990 [TestNG-test-Smoke and Regression Test-2] INFO testcases.BookshelvesTest -- Starting test: sortByLowestPriceTest
]]></system-out>
  </testcase>
  <testcase name="selectdenomination" classname="testcases.GiftCardsTest" time="1.282">
    <system-out><![CDATA[10:58:37.431 [TestNG-test-Smoke and Regression Test-4] INFO testcases.GiftCardsTest -- All data filled successfully
]]></system-out>
  </testcase>
  <testcase name="extractErrorMessagesToExcelTest" classname="testcases.GiftCardsTest" time="0.608">
    <system-out><![CDATA[10:58:37.437 [TestNG-test-Smoke and Regression Test-4] INFO testcases.GiftCardsTest -- Starting test: extractErrorMessagesToExcelTest
10:58:37.438 [TestNG-test-Smoke and Regression Test-4] INFO testcases.GiftCardsTest -- Retrieved error messages successfully
10:58:37.716 [TestNG-test-Smoke and Regression Test-4] INFO testcases.GiftCardsTest -- Header added to excelData succesfully
Extracted Error Messages:
Error Type: Empty Email Error | Message: Sender's Email ID Cannot Be Empty
Error Type: Invalid Email Error | Message: Enter a Valid Email ID
10:58:38.043 [TestNG-test-Smoke and Regression Test-4] INFO testcases.GiftCardsTest -- Data written to Excel file: Output_Excel/GiftCardErrors.xlsx
Error messages written to Excel: Output_Excel/GiftCardErrors.xlsx
10:58:38.044 [TestNG-test-Smoke and Regression Test-4] INFO testcases.GiftCardsTest -- Excel file verified successfully
]]></system-out>
  </testcase>
  <testcase name="searchBookshelvesTest" classname="testcases.BookshelvesTest" time="1.015">
    <system-out><![CDATA[10:58:29.380 [TestNG-test-Smoke and Regression Test-4] INFO testcases.GiftCardsTest -- Starting test: fillGiftDetailsTest
10:58:30.399 [TestNG-test-Smoke and Regression Test-2] INFO testcases.BookshelvesTest -- Search for 'bookshelves' performed successfully
]]></system-out>
  </testcase>
  <testcase name="applyFilterTest" classname="testcases.BookshelvesTest" time="1.935">
    <system-out><![CDATA[10:58:31.642 [TestNG-test-Smoke and Regression Test-1] INFO testcases.Menus -- Closing the WebDriver
]]></system-out>
  </testcase>
  <testcase name="applyPriceFilterTest" classname="testcases.BookshelvesTest" time="3.668">
    <system-out><![CDATA[10:58:35.985 [TestNG-test-Smoke and Regression Test-2] INFO testcases.BookshelvesTest -- Price Filter applied successfully
]]></system-out>
  </testcase>
  <testcase name="sortByLowestPriceTest" classname="testcases.BookshelvesTest" time="2.729">
    <system-out><![CDATA[10:58:38.047 [TestNG-test-Smoke and Regression Test-4] INFO testcases.GiftCardsTest -- Closing the WebDriver
10:58:40.178 [TestNG-test-Smoke and Regression Test-2] INFO testcases.BookshelvesTest -- Sort by Filter applied successfully
]]></system-out>
  </testcase>
  <testcase name="extractBookshelfDetailsToExcelTest" classname="testcases.BookshelvesTest" time="2.443">
    <system-out><![CDATA[10:58:43.226 [TestNG-test-Smoke and Regression Test-2] INFO testcases.BookshelvesTest -- Retrieved product names and prices successfully
10:58:43.227 [TestNG-test-Smoke and Regression Test-2] INFO testcases.BookshelvesTest -- Header added to excelData
10:58:43.227 [TestNG-test-Smoke and Regression Test-2] INFO testcases.BookshelvesTest -- Added product: Yae Kids Wall Mounted Book Shelve In Light Green Colour with price: ?5,349
Product 1: Name = Yae Kids Wall Mounted Book Shelve In Light Green Colour, Price = ₹5,349
10:58:43.229 [TestNG-test-Smoke and Regression Test-2] INFO testcases.BookshelvesTest -- Added product: Jungle Kids Bookshelf in Chestnut Finish with price: ?9,999
Product 2: Name = Jungle Kids Bookshelf in Chestnut Finish, Price = ₹9,999
10:58:43.230 [TestNG-test-Smoke and Regression Test-2] INFO testcases.BookshelvesTest -- Added product: Clary Storage Cabinet in Dark Acazia Colour with price: ?10,326
Product 3: Name = Clary Storage Cabinet in Dark Acazia Colour, Price = ₹10,326
10:58:43.320 [TestNG-test-Smoke and Regression Test-2] INFO testcases.BookshelvesTest -- Data written to Excel file: Output_Excel/BookshelvesData.xlsx
Bookshelves data written to Excel file: Output_Excel/BookshelvesData.xlsx
10:58:43.323 [TestNG-test-Smoke and Regression Test-2] INFO testcases.BookshelvesTest -- Excel file verified successfully
]]></system-out>
  </testcase>
</testsuite>