<?xml version="1.0" encoding="UTF-8"?>
<!-- Generated by org.testng.reporters.JUnitReportReporter -->
<testsuite hostname="LTIN520425" failures="0" tests="4" name="testcases.GiftCardsTest" time="12.338" errors="0" timestamp="2024-11-02T19:54:11 IST" skipped="0">
  <testcase classname="testcases.GiftCardsTest" name="selectGiftCardTest" time="5.619"/>
  <system-out/>
  <testcase classname="testcases.GiftCardsTest" name="fillGiftDetailsTest" time="5.705"/>
  <system-out/>
  <testcase classname="testcases.GiftCardsTest" name="selectdenomination" time="0.667"/>
  <system-out/>
  <testcase classname="testcases.GiftCardsTest" name="extractErrorMessagesToExcelTest" time="0.347"/>
  <system-out/>
</testsuite> <!-- testcases.GiftCardsTest -->
