<?xml version="1.0" encoding="UTF-8"?>
<!-- Generated by org.testng.reporters.JUnitReportReporter -->
<testsuite hostname="LTIN520425" failures="0" tests="5" name="testcases.StudyChairsTest" time="19.064" errors="0" timestamp="2024-11-02T19:54:11 IST" skipped="0">
  <testcase classname="testcases.StudyChairsTest" name="searchStudyChairs" time="3.736"/>
  <system-out/>
  <testcase classname="testcases.StudyChairsTest" name="applyFilters" time="7.294"/>
  <system-out/>
  <testcase classname="testcases.StudyChairsTest" name="setPriceAndApply" time="3.262"/>
  <system-out/>
  <testcase classname="testcases.StudyChairsTest" name="sortByCustomerRating" time="2.986"/>
  <system-out/>
  <testcase classname="testcases.StudyChairsTest" name="extractStudyChairsDetails" time="1.786"/>
  <system-out/>
</testsuite> <!-- testcases.StudyChairsTest -->
