<?xml version="1.0" encoding="UTF-8"?>
<!-- Generated by org.testng.reporters.JUnitReportReporter -->
<testsuite hostname="LTIN520425" failures="0" tests="3" name="testcases.Menus" time="4.560" errors="0" timestamp="2024-11-05T10:03:00 IST" skipped="0">
  <testcase classname="testcases.Menus" name="luxuruMenuhover" time="0.326"/>
  <system-out/>
  <testcase classname="testcases.Menus" name="sofaMenuhover" time="0.962"/>
  <system-out/>
  <testcase classname="testcases.Menus" name="extractMenuItemsToExcel" time="3.272"/>
  <system-out/>
</testsuite> <!-- testcases.Menus -->
