<?xml version="1.0" encoding="UTF-8"?>
<!-- Generated by org.testng.reporters.JUnitReportReporter -->
<testsuite hostname="LTIN520425" failures="0" tests="5" name="testcases.BookshelvesTest" time="9.060" errors="0" timestamp="2024-11-05T10:03:00 IST" skipped="0">
  <testcase classname="testcases.BookshelvesTest" name="searchBookshelvesTest" time="2.507"/>
  <system-out/>
  <testcase classname="testcases.BookshelvesTest" name="applyFilterTest" time="1.074"/>
  <system-out/>
  <testcase classname="testcases.BookshelvesTest" name="applyPriceFilterTest" time="1.572"/>
  <system-out/>
  <testcase classname="testcases.BookshelvesTest" name="sortByLowestPriceTest" time="2.464"/>
  <system-out/>
  <testcase classname="testcases.BookshelvesTest" name="extractBookshelfDetailsToExcelTest" time="1.443"/>
  <system-out/>
</testsuite> <!-- testcases.BookshelvesTest -->
