<?xml version="1.0" encoding="UTF-8"?>
<!-- Generated by org.testng.reporters.JUnitReportReporter -->
<testsuite hostname="LTIN520425" failures="0" tests="5" name="testcases.Bookshelves" time="28.336" errors="0" timestamp="2024-10-25T07:48:47 IST" skipped="0">
  <testcase classname="testcases.Bookshelves" name="searchBookshelves" time="5.426"/>
  <system-out/>
  <testcase classname="testcases.Bookshelves" name="filter" time="4.823"/>
  <system-out/>
  <testcase classname="testcases.Bookshelves" name="applyPriceFilter" time="7.270"/>
  <system-out/>
  <testcase classname="testcases.Bookshelves" name="sortByPrice" time="8.067"/>
  <system-out/>
  <testcase classname="testcases.Bookshelves" name="extractBookshelfDetails" time="2.750"/>
  <system-out/>
</testsuite> <!-- testcases.Bookshelves -->
