<?xml version="1.0" encoding="UTF-8"?>
<!-- Generated by org.testng.reporters.JUnitReportReporter -->
<testsuite hostname="LTIN520425" failures="0" tests="5" name="testcases.StudyChairsTest" time="40.987" errors="0" timestamp="2024-11-05T10:03:00 IST" skipped="0">
  <testcase classname="testcases.StudyChairsTest" name="searchStudyChairs" time="2.254"/>
  <system-out/>
  <testcase classname="testcases.StudyChairsTest" name="applyFilters" time="33.489"/>
  <system-out/>
  <testcase classname="testcases.StudyChairsTest" name="setPriceAndApply" time="0.760"/>
  <system-out/>
  <testcase classname="testcases.StudyChairsTest" name="sortByCustomerRating" time="4.440"/>
  <system-out/>
  <testcase classname="testcases.StudyChairsTest" name="extractStudyChairsDetails" time="0.044"/>
  <system-out/>
</testsuite> <!-- testcases.StudyChairsTest -->
