<?xml version="1.0" encoding="UTF-8"?>
<!-- Generated by org.testng.reporters.JUnitReportReporter -->
<testsuite hostname="LTIN520425" failures="0" tests="3" name="testcases.Menus" time="6.553" errors="0" timestamp="2024-11-05T22:51:12 IST" skipped="0">
  <testcase classname="testcases.Menus" name="luxuruMenuhover" time="0.490"/>
  <system-out/>
  <testcase classname="testcases.Menus" name="sofaMenuhover" time="1.241"/>
  <system-out/>
  <testcase classname="testcases.Menus" name="extractMenuItemsToExcel" time="4.822"/>
  <system-out/>
</testsuite> <!-- testcases.Menus -->
