<?xml version="1.0" encoding="UTF-8"?>
<!-- Generated by org.testng.reporters.JUnitReportReporter -->
<testsuite hostname="LTIN520425" failures="0" tests="5" name="testcases.StudyChairsTest" time="24.110" errors="0" timestamp="2024-11-05T22:51:12 IST" skipped="0">
  <testcase classname="testcases.StudyChairsTest" name="searchStudyChairs" time="13.913"/>
  <system-out/>
  <testcase classname="testcases.StudyChairsTest" name="applyFilters" time="5.305"/>
  <system-out/>
  <testcase classname="testcases.StudyChairsTest" name="setPriceAndApply" time="2.166"/>
  <system-out/>
  <testcase classname="testcases.StudyChairsTest" name="sortByCustomerRating" time="1.435"/>
  <system-out/>
  <testcase classname="testcases.StudyChairsTest" name="extractStudyChairsDetails" time="1.291"/>
  <system-out/>
</testsuite> <!-- testcases.StudyChairsTest -->
