<?xml version="1.0" encoding="UTF-8"?>
<!-- Generated by org.testng.reporters.JUnitReportReporter -->
<testsuite hostname="LTIN520425" failures="0" tests="4" name="testcases.GiftCardsTest" time="6.608" errors="0" timestamp="2024-11-05T10:03:00 IST" skipped="0">
  <testcase classname="testcases.GiftCardsTest" name="selectGiftCardTest" time="3.143"/>
  <system-out/>
  <testcase classname="testcases.GiftCardsTest" name="fillGiftDetailsTest" time="2.898"/>
  <system-out/>
  <testcase classname="testcases.GiftCardsTest" name="selectdenomination" time="0.336"/>
  <system-out/>
  <testcase classname="testcases.GiftCardsTest" name="extractErrorMessagesToExcelTest" time="0.231"/>
  <system-out/>
</testsuite> <!-- testcases.GiftCardsTest -->
