<?xml version="1.0" encoding="UTF-8"?>
<!-- Generated by org.testng.reporters.JUnitReportReporter -->
<testsuite hostname="LTIN520425" failures="0" tests="5" name="testcases.BookshelvesTest" time="11.713" errors="0" timestamp="2024-11-05T22:51:12 IST" skipped="0">
  <testcase classname="testcases.BookshelvesTest" name="searchBookshelvesTest" time="4.128"/>
  <system-out/>
  <testcase classname="testcases.BookshelvesTest" name="applyFilterTest" time="0.992"/>
  <system-out/>
  <testcase classname="testcases.BookshelvesTest" name="applyPriceFilterTest" time="2.516"/>
  <system-out/>
  <testcase classname="testcases.BookshelvesTest" name="sortByLowestPriceTest" time="2.580"/>
  <system-out/>
  <testcase classname="testcases.BookshelvesTest" name="extractBookshelfDetailsToExcelTest" time="1.497"/>
  <system-out/>
</testsuite> <!-- testcases.BookshelvesTest -->
