<?xml version="1.0" encoding="UTF-8"?>
<!-- Generated by org.testng.reporters.JUnitReportReporter -->
<testsuite hostname="LTIN520425" failures="0" tests="5" name="testcases.BookshelvesTest" time="11.584" errors="0" timestamp="2024-11-02T19:54:11 IST" skipped="0">
  <testcase classname="testcases.BookshelvesTest" name="searchBookshelvesTest" time="4.446"/>
  <system-out/>
  <testcase classname="testcases.BookshelvesTest" name="applyFilterTest" time="1.173"/>
  <system-out/>
  <testcase classname="testcases.BookshelvesTest" name="applyPriceFilterTest" time="2.406"/>
  <system-out/>
  <testcase classname="testcases.BookshelvesTest" name="sortByLowestPriceTest" time="2.399"/>
  <system-out/>
  <testcase classname="testcases.BookshelvesTest" name="extractBookshelfDetailsToExcelTest" time="1.160"/>
  <system-out/>
</testsuite> <!-- testcases.BookshelvesTest -->
