<?xml version="1.0" encoding="UTF-8"?>
<!-- Generated by org.testng.reporters.JUnitReportReporter -->
<testsuite hostname="LTIN520425" failures="0" tests="4" name="testcases.GiftCardsTest" time="7.596" errors="0" timestamp="2024-11-05T22:51:12 IST" skipped="0">
  <testcase classname="testcases.GiftCardsTest" name="selectGiftCardTest" time="3.781"/>
  <system-out/>
  <testcase classname="testcases.GiftCardsTest" name="fillGiftDetailsTest" time="2.998"/>
  <system-out/>
  <testcase classname="testcases.GiftCardsTest" name="selectdenomination" time="0.506"/>
  <system-out/>
  <testcase classname="testcases.GiftCardsTest" name="extractErrorMessagesToExcelTest" time="0.311"/>
  <system-out/>
</testsuite> <!-- testcases.GiftCardsTest -->
