<?xml version="1.0" encoding="UTF-8"?>
<!-- Generated by org.testng.reporters.JUnitReportReporter -->
<testsuite hostname="LTIN520425" failures="0" tests="4" name="testcases.GiftCardsTest" time="19.021" errors="0" timestamp="2024-11-02T18:04:38 IST" skipped="0">
  <testcase classname="testcases.GiftCardsTest" name="selectGiftCardTest" time="7.145"/>
  <testcase classname="testcases.GiftCardsTest" name="fillGiftDetailsTest" time="9.659"/>
  <testcase classname="testcases.GiftCardsTest" name="selectdenomination" time="1.148"/>
  <testcase classname="testcases.GiftCardsTest" name="extractErrorMessagesToExcelTest" time="1.069"/>
</testsuite> <!-- testcases.GiftCardsTest -->
