<?xml version="1.0" encoding="UTF-8"?>
<!-- Generated by org.testng.reporters.JUnitReportReporter -->
<testsuite hostname="LTIN520425" failures="0" tests="5" name="testcases.BookshelvesTest" time="7.539" errors="0" timestamp="2024-11-06T17:01:15 IST" skipped="0">
  <testcase classname="testcases.BookshelvesTest" name="searchBookshelvesTest" time="2.159"/>
  <testcase classname="testcases.BookshelvesTest" name="applyFilterTest" time="1.596"/>
  <testcase classname="testcases.BookshelvesTest" name="applyPriceFilterTest" time="1.002"/>
  <testcase classname="testcases.BookshelvesTest" name="sortByLowestPriceTest" time="1.898"/>
  <testcase classname="testcases.BookshelvesTest" name="extractBookshelfDetailsToExcelTest" time="0.884"/>
</testsuite> <!-- testcases.BookshelvesTest -->
