<?xml version="1.0" encoding="UTF-8"?>
<!-- Generated by org.testng.reporters.JUnitReportReporter -->
<testsuite hostname="LTIN520425" failures="0" tests="3" name="testcases.Menus" time="6.024" errors="0" timestamp="2024-11-06T17:01:15 IST" skipped="0">
  <testcase classname="testcases.Menus" name="luxuruMenuhover" time="0.337"/>
  <testcase classname="testcases.Menus" name="sofaMenuhover" time="1.063"/>
  <testcase classname="testcases.Menus" name="extractMenuItemsToExcel" time="4.624"/>
</testsuite> <!-- testcases.Menus -->
