<?xml version="1.0" encoding="UTF-8"?>
<!-- Generated by org.testng.reporters.JUnitReportReporter -->
<testsuite hostname="LTIN520425" failures="0" tests="5" name="testcases.StudyChairsTest" time="37.207" errors="0" timestamp="2024-11-04T21:07:55 IST" skipped="0">
  <testcase classname="testcases.StudyChairsTest" name="searchStudyChairs" time="6.518"/>
  <testcase classname="testcases.StudyChairsTest" name="applyFilters" time="15.329"/>
  <testcase classname="testcases.StudyChairsTest" name="setPriceAndApply" time="7.418"/>
  <testcase classname="testcases.StudyChairsTest" name="sortByCustomerRating" time="5.327"/>
  <testcase classname="testcases.StudyChairsTest" name="extractStudyChairsDetails" time="2.615"/>
</testsuite> <!-- testcases.StudyChairsTest -->
