<?xml version="1.0" encoding="UTF-8"?>
<!-- Generated by org.testng.reporters.JUnitReportReporter -->
<testsuite hostname="LTIN520425" failures="0" tests="5" name="testcases.BookshelvesTest" time="20.399" errors="0" timestamp="2024-11-03T10:58:59 IST" skipped="0">
  <testcase classname="testcases.BookshelvesTest" name="searchBookshelvesTest" time="7.488"/>
  <testcase classname="testcases.BookshelvesTest" name="applyFilterTest" time="1.934"/>
  <testcase classname="testcases.BookshelvesTest" name="applyPriceFilterTest" time="3.644"/>
  <testcase classname="testcases.BookshelvesTest" name="sortByLowestPriceTest" time="4.190"/>
  <testcase classname="testcases.BookshelvesTest" name="extractBookshelfDetailsToExcelTest" time="3.143"/>
</testsuite> <!-- testcases.BookshelvesTest -->
