<?xml version="1.0" encoding="UTF-8"?>
<!-- Generated by org.testng.reporters.JUnitReportReporter -->
<testsuite hostname="LTIN520425" failures="0" tests="5" name="testcases.BookshelvesTest" time="28.442" errors="0" timestamp="2024-11-04T21:07:55 IST" skipped="0">
  <testcase classname="testcases.BookshelvesTest" name="searchBookshelvesTest" time="8.895"/>
  <testcase classname="testcases.BookshelvesTest" name="applyFilterTest" time="3.213"/>
  <testcase classname="testcases.BookshelvesTest" name="applyPriceFilterTest" time="6.480"/>
  <testcase classname="testcases.BookshelvesTest" name="sortByLowestPriceTest" time="5.818"/>
  <testcase classname="testcases.BookshelvesTest" name="extractBookshelfDetailsToExcelTest" time="4.036"/>
</testsuite> <!-- testcases.BookshelvesTest -->
