<?xml version="1.0" encoding="UTF-8"?>
<!-- Generated by org.testng.reporters.JUnitReportReporter -->
<testsuite hostname="LTIN520425" failures="0" tests="5" name="testcases.StudyChairsTest" time="10.599" errors="0" timestamp="2024-11-06T17:01:15 IST" skipped="0">
  <testcase classname="testcases.StudyChairsTest" name="searchStudyChairs" time="1.861"/>
  <testcase classname="testcases.StudyChairsTest" name="applyFilters" time="4.430"/>
  <testcase classname="testcases.StudyChairsTest" name="setPriceAndApply" time="1.155"/>
  <testcase classname="testcases.StudyChairsTest" name="sortByCustomerRating" time="1.791"/>
  <testcase classname="testcases.StudyChairsTest" name="extractStudyChairsDetails" time="1.362"/>
</testsuite> <!-- testcases.StudyChairsTest -->
