<?xml version="1.0" encoding="UTF-8"?>
<!-- Generated by org.testng.reporters.JUnitReportReporter -->
<testsuite hostname="LTIN520425" failures="0" tests="4" name="testcases.GiftCardsTest" time="4.986" errors="0" timestamp="2024-11-06T17:01:15 IST" skipped="0">
  <testcase classname="testcases.GiftCardsTest" name="selectGiftCardTest" time="2.561"/>
  <testcase classname="testcases.GiftCardsTest" name="fillGiftDetailsTest" time="1.847"/>
  <testcase classname="testcases.GiftCardsTest" name="selectdenomination" time="0.362"/>
  <testcase classname="testcases.GiftCardsTest" name="extractErrorMessagesToExcelTest" time="0.216"/>
</testsuite> <!-- testcases.GiftCardsTest -->
