<?xml version="1.0" encoding="UTF-8"?>
<!-- Generated by org.testng.reporters.JUnitReportReporter -->
<testsuite hostname="LTIN520425" failures="0" tests="5" name="testcases.StudyChairsTest" time="37.349" errors="0" timestamp="2024-11-02T18:04:38 IST" skipped="0">
  <testcase classname="testcases.StudyChairsTest" name="searchStudyChairs" time="4.780"/>
  <testcase classname="testcases.StudyChairsTest" name="applyFilters" time="16.041"/>
  <testcase classname="testcases.StudyChairsTest" name="setPriceAndApply" time="3.311"/>
  <testcase classname="testcases.StudyChairsTest" name="sortByCustomerRating" time="6.193"/>
  <testcase classname="testcases.StudyChairsTest" name="extractStudyChairsDetails" time="7.024"/>
</testsuite> <!-- testcases.StudyChairsTest -->
