<?xml version="1.0" encoding="UTF-8"?>
<!-- Generated by org.testng.reporters.JUnitReportReporter -->
<testsuite hostname="LTIN520425" failures="0" tests="4" name="testcases.GiftCardsTest" time="16.039" errors="0" timestamp="2024-11-03T10:58:59 IST" skipped="0">
  <testcase classname="testcases.GiftCardsTest" name="selectGiftCardTest" time="7.378"/>
  <testcase classname="testcases.GiftCardsTest" name="fillGiftDetailsTest" time="6.783"/>
  <testcase classname="testcases.GiftCardsTest" name="selectdenomination" time="1.269"/>
  <testcase classname="testcases.GiftCardsTest" name="extractErrorMessagesToExcelTest" time="0.609"/>
</testsuite> <!-- testcases.GiftCardsTest -->
