<?xml version="1.0" encoding="UTF-8"?>
<!-- Generated by org.testng.reporters.JUnitReportReporter -->
<testsuite hostname="LTIN520425" failures="0" tests="3" name="testcases.Menus" time="10.362" errors="0" timestamp="2024-11-04T21:07:55 IST" skipped="0">
  <testcase classname="testcases.Menus" name="luxuruMenuhover" time="0.602"/>
  <testcase classname="testcases.Menus" name="sofaMenuhover" time="2.149"/>
  <testcase classname="testcases.Menus" name="extractMenuItemsToExcel" time="7.611"/>
</testsuite> <!-- testcases.Menus -->
