<?xml version="1.0" encoding="UTF-8"?>
<!-- Generated by org.testng.reporters.JUnitReportReporter -->
<testsuite hostname="LTIN520425" failures="0" tests="5" name="testcases.StudyChairsTest" time="30.142" errors="0" timestamp="2024-11-03T10:58:59 IST" skipped="0">
  <testcase classname="testcases.StudyChairsTest" name="searchStudyChairs" time="5.828"/>
  <testcase classname="testcases.StudyChairsTest" name="applyFilters" time="13.322"/>
  <testcase classname="testcases.StudyChairsTest" name="setPriceAndApply" time="3.039"/>
  <testcase classname="testcases.StudyChairsTest" name="sortByCustomerRating" time="3.826"/>
  <testcase classname="testcases.StudyChairsTest" name="extractStudyChairsDetails" time="4.127"/>
</testsuite> <!-- testcases.StudyChairsTest -->
