<?xml version="1.0" encoding="UTF-8"?>
<!-- Generated by org.testng.reporters.JUnitReportReporter -->
<testsuite hostname="LTIN520425" failures="0" tests="4" name="testcases.GiftCardsTest" time="20.810" errors="0" timestamp="2024-11-04T21:07:55 IST" skipped="0">
  <testcase classname="testcases.GiftCardsTest" name="selectGiftCardTest" time="7.063"/>
  <testcase classname="testcases.GiftCardsTest" name="fillGiftDetailsTest" time="10.681"/>
  <testcase classname="testcases.GiftCardsTest" name="selectdenomination" time="1.536"/>
  <testcase classname="testcases.GiftCardsTest" name="extractErrorMessagesToExcelTest" time="1.530"/>
</testsuite> <!-- testcases.GiftCardsTest -->
