<?xml version="1.0" encoding="UTF-8"?>
<!-- Generated by org.testng.reporters.JUnitReportReporter -->
<testsuite hostname="LTIN520425" failures="0" tests="3" name="testcases.Menus" time="13.494" errors="0" timestamp="2024-11-03T10:58:59 IST" skipped="0">
  <testcase classname="testcases.Menus" name="luxuruMenuhover" time="0.935"/>
  <testcase classname="testcases.Menus" name="sofaMenuhover" time="2.476"/>
  <testcase classname="testcases.Menus" name="extractMenuItemsToExcel" time="10.083"/>
</testsuite> <!-- testcases.Menus -->
