<?xml version="1.0" encoding="UTF-8"?>
<!-- Generated by org.testng.reporters.JUnitReportReporter -->
<testsuite hostname="LTIN520425" failures="0" tests="5" name="testcases.BookshelvesTest" time="37.271" errors="0" timestamp="2024-11-02T18:04:38 IST" skipped="0">
  <testcase classname="testcases.BookshelvesTest" name="searchBookshelvesTest" time="10.226"/>
  <testcase classname="testcases.BookshelvesTest" name="applyFilterTest" time="12.160"/>
  <testcase classname="testcases.BookshelvesTest" name="applyPriceFilterTest" time="3.590"/>
  <testcase classname="testcases.BookshelvesTest" name="sortByLowestPriceTest" time="4.912"/>
  <testcase classname="testcases.BookshelvesTest" name="extractBookshelfDetailsToExcelTest" time="6.383"/>
</testsuite> <!-- testcases.BookshelvesTest -->
