<?xml version="1.0" encoding="UTF-8"?>
<!-- Generated by org.testng.reporters.JUnitReportReporter -->
<testsuite hostname="LTIN520425" failures="0" tests="3" name="testcases.Menus" time="15.364" errors="0" timestamp="2024-11-02T18:04:38 IST" skipped="0">
  <testcase classname="testcases.Menus" name="luxuruMenuhover" time="1.135"/>
  <testcase classname="testcases.Menus" name="sofaMenuhover" time="7.362"/>
  <testcase classname="testcases.Menus" name="extractMenuItemsToExcel" time="6.867"/>
</testsuite> <!-- testcases.Menus -->
